Flow report for SimpleCompArch
Mon Mar 25 23:00:36 2019
Quartus Prime Version 17.0.2 Build 602 07/19/2017 SJ Standard Edition


---------------------
; Table of Contents ;
---------------------
  1. Legal Notice
  2. Flow Summary
  3. Flow Settings
  4. Flow Non-Default Global Settings
  5. Flow Elapsed Time
  6. Flow OS Summary
  7. Flow Log
  8. Flow Messages
  9. Flow Suppressed Messages



----------------
; Legal Notice ;
----------------
Copyright (C) 2017  Intel Corporation. All rights reserved.
Your use of Intel Corporation's design tools, logic functions 
and other software and tools, and its AMPP partner logic 
functions, and any output files from any of the foregoing 
(including device programming or simulation files), and any 
associated documentation or information are expressly subject 
to the terms and conditions of the Intel Program License 
Subscription Agreement, the Intel Quartus Prime License Agreement,
the Intel MegaCore Function License Agreement, or other 
applicable license agreement, including, without limitation, 
that your use is for the sole purpose of programming logic 
devices manufactured by Intel and sold by Intel or its 
authorized distributors.  Please refer to the applicable 
agreement for further details.



+--------------------------------------------------------------------------------------+
; Flow Summary                                                                         ;
+------------------------------------+-------------------------------------------------+
; Flow Status                        ; Successful - Mon Mar 25 23:00:36 2019           ;
; Quartus Prime Version              ; 17.0.2 Build 602 07/19/2017 SJ Standard Edition ;
; Revision Name                      ; SimpleCompArch                                  ;
; Top-level Entity Name              ; SimpleCompArch                                  ;
; Family                             ; Cyclone IV E                                    ;
; Device                             ; EP4CE115F29C7                                   ;
; Timing Models                      ; Final                                           ;
; Total logic elements               ; 592 / 114,480 ( < 1 % )                         ;
;     Total combinational functions  ; 561 / 114,480 ( < 1 % )                         ;
;     Dedicated logic registers      ; 372 / 114,480 ( < 1 % )                         ;
; Total registers                    ; 372                                             ;
; Total pins                         ; 117 / 529 ( 22 % )                              ;
; Total virtual pins                 ; 0                                               ;
; Total memory bits                  ; 65,536 / 3,981,312 ( 2 % )                      ;
; Embedded Multiplier 9-bit elements ; 0 / 532 ( 0 % )                                 ;
; Total PLLs                         ; 0 / 4 ( 0 % )                                   ;
+------------------------------------+-------------------------------------------------+


+-----------------------------------------+
; Flow Settings                           ;
+-------------------+---------------------+
; Option            ; Setting             ;
+-------------------+---------------------+
; Start date & time ; 03/25/2019 23:00:04 ;
; Main task         ; Compilation         ;
; Revision Name     ; SimpleCompArch      ;
+-------------------+---------------------+


+----------------------------------------------------------------------------------------------------------------------------------------+
; Flow Non-Default Global Settings                                                                                                       ;
+------------------------------------------------+----------------------------------------+---------------+-------------+----------------+
; Assignment Name                                ; Value                                  ; Default Value ; Entity Name ; Section Id     ;
+------------------------------------------------+----------------------------------------+---------------+-------------+----------------+
; COMPILER_SIGNATURE_ID                          ; 268891669584141.155356560404268        ; --            ; --          ; --             ;
; EDA_GENERATE_FUNCTIONAL_NETLIST                ; On                                     ; --            ; --          ; eda_simulation ;
; EDA_NETLIST_WRITER_OUTPUT_DIR                  ; ./Simulation                           ; --            ; --          ; eda_simulation ;
; EDA_OUTPUT_DATA_FORMAT                         ; Vhdl                                   ; --            ; --          ; eda_simulation ;
; EDA_SIMULATION_TOOL                            ; ModelSim-Altera (VHDL)                 ; <None>        ; --          ; --             ;
; EDA_USER_COMPILED_SIMULATION_LIBRARY_DIRECTORY ; .\Simulation                           ; --            ; --          ; eda_simulation ;
; FITTER_EFFORT                                  ; Fast Fit                               ; Auto Fit      ; --          ; --             ;
; MAX_CORE_JUNCTION_TEMP                         ; 85                                     ; --            ; --          ; --             ;
; MIN_CORE_JUNCTION_TEMP                         ; 0                                      ; --            ; --          ; --             ;
; MISC_FILE                                      ; mem.cmp                                ; --            ; --          ; --             ;
; MISC_FILE                                      ; mem_syn.v                              ; --            ; --          ; --             ;
; NUM_PARALLEL_PROCESSORS                        ; All                                    ; --            ; --          ; --             ;
; OUTPUT_IO_TIMING_FAR_END_VMEAS                 ; Half Signal Swing                      ; --            ; --          ; --             ;
; OUTPUT_IO_TIMING_FAR_END_VMEAS                 ; Half Signal Swing                      ; --            ; --          ; --             ;
; OUTPUT_IO_TIMING_NEAR_END_VMEAS                ; Half Vccio                             ; --            ; --          ; --             ;
; OUTPUT_IO_TIMING_NEAR_END_VMEAS                ; Half Vccio                             ; --            ; --          ; --             ;
; PARTITION_COLOR                                ; -- (Not supported for targeted family) ; --            ; --          ; Top            ;
; PARTITION_FITTER_PRESERVATION_LEVEL            ; -- (Not supported for targeted family) ; --            ; --          ; Top            ;
; PARTITION_NETLIST_TYPE                         ; -- (Not supported for targeted family) ; --            ; --          ; Top            ;
; POWER_BOARD_THERMAL_MODEL                      ; None (CONSERVATIVE)                    ; --            ; --          ; --             ;
; POWER_PRESET_COOLING_SOLUTION                  ; 23 MM HEAT SINK WITH 200 LFPM AIRFLOW  ; --            ; --          ; --             ;
; PROJECT_OUTPUT_DIRECTORY                       ; output_files                           ; --            ; --          ; --             ;
; SMART_RECOMPILE                                ; On                                     ; Off           ; --          ; --             ;
+------------------------------------------------+----------------------------------------+---------------+-------------+----------------+


+-------------------------------------------------------------------------------------------------------------------------------+
; Flow Elapsed Time                                                                                                             ;
+---------------------------+--------------+-------------------------+---------------------+------------------------------------+
; Module Name               ; Elapsed Time ; Average Processors Used ; Peak Virtual Memory ; Total CPU Time (on all processors) ;
+---------------------------+--------------+-------------------------+---------------------+------------------------------------+
; Analysis & Synthesis      ; 00:00:10     ; 1.0                     ; 674 MB              ; 00:00:21                           ;
; Fitter                    ; 00:00:12     ; 1.0                     ; 1575 MB             ; 00:00:17                           ;
; Assembler                 ; 00:00:03     ; 1.0                     ; 549 MB              ; 00:00:03                           ;
; TimeQuest Timing Analyzer ; 00:00:02     ; 1.1                     ; 715 MB              ; 00:00:02                           ;
; EDA Netlist Writer        ; 00:00:01     ; 1.0                     ; 510 MB              ; 00:00:01                           ;
; Total                     ; 00:00:28     ; --                      ; --                  ; 00:00:44                           ;
+---------------------------+--------------+-------------------------+---------------------+------------------------------------+


+----------------------------------------------------------------------------------------+
; Flow OS Summary                                                                        ;
+---------------------------+------------------+-----------+------------+----------------+
; Module Name               ; Machine Hostname ; OS Name   ; OS Version ; Processor type ;
+---------------------------+------------------+-----------+------------+----------------+
; Analysis & Synthesis      ; FR-ECE-H117-6    ; Windows 7 ; 6.1        ; x86_64         ;
; Fitter                    ; FR-ECE-H117-6    ; Windows 7 ; 6.1        ; x86_64         ;
; Assembler                 ; FR-ECE-H117-6    ; Windows 7 ; 6.1        ; x86_64         ;
; TimeQuest Timing Analyzer ; FR-ECE-H117-6    ; Windows 7 ; 6.1        ; x86_64         ;
; EDA Netlist Writer        ; FR-ECE-H117-6    ; Windows 7 ; 6.1        ; x86_64         ;
+---------------------------+------------------+-----------+------------+----------------+


------------
; Flow Log ;
------------
quartus_map --read_settings_files=on --write_settings_files=off SimpleCompArch -c SimpleCompArch
quartus_fit --read_settings_files=off --write_settings_files=off SimpleCompArch -c SimpleCompArch
quartus_asm --read_settings_files=off --write_settings_files=off SimpleCompArch -c SimpleCompArch
quartus_sta SimpleCompArch -c SimpleCompArch
quartus_eda --read_settings_files=off --write_settings_files=off SimpleCompArch -c SimpleCompArch



